Merged_App_P1/ACMS_ProductReminderApp/app/build/intermediates/manifest_merge_blame_file/debug/manifest-merger-blame-debug-report.txt
1<?xml version="1.0" encoding="utf-8"?>
2<manifest xmlns:android="http://schemas.android.com/apk/res/android"
3    package="com.e.reminder"
4    android:versionCode="1"
5    android:versionName="1.0" >
6
7    <uses-sdk
8        android:minSdkVersion="16"
8-->src\main\AndroidManifest.xml
9        android:targetSdkVersion="29" />
9-->src\main\AndroidManifest.xml
10
11    <uses-permission android:name="android.permission.INTERNET" />
11-->src\main\AndroidManifest.xml:5:5-67
11-->src\main\AndroidManifest.xml:5:22-64
12    <uses-permission android:name="com.android.alarm.permission.SET_ALARM" />
12-->src\main\AndroidManifest.xml:6:5-78
12-->src\main\AndroidManifest.xml:6:22-75
13    <uses-permission android:name="android.permission.ACCESS_NETWORK_STATE" />
13-->[com.amazonaws:aws-android-sdk-mobile-client:2.9.2] AndroidManifest.xml:7:5-78
13-->[com.amazonaws:aws-android-sdk-mobile-client:2.9.2] AndroidManifest.xml:7:22-76
14
15    <application
15-->src\main\AndroidManifest.xml:8:5-28:19
16        android:name="androidx.multidex.MultiDexApplication"
17        android:allowBackup="true"
17-->src\main\AndroidManifest.xml:9:9-35
18        android:appComponentFactory="androidx.core.app.CoreComponentFactory"
18-->[androidx.core:core:1.2.0] AndroidManifest.xml:24:18-86
19        android:debuggable="true"
20        android:icon="@mipmap/ic_launcher"
20-->src\main\AndroidManifest.xml:10:9-43
21        android:label="@string/app_name"
21-->src\main\AndroidManifest.xml:11:9-41
22        android:roundIcon="@mipmap/ic_launcher_round"
22-->src\main\AndroidManifest.xml:12:9-54
23        android:supportsRtl="true"
23-->src\main\AndroidManifest.xml:13:9-35
24        android:testOnly="true"
25        android:theme="@style/AppTheme" >
25-->src\main\AndroidManifest.xml:14:9-40
26        <activity android:name="com.e.reminder.AddProduct" />
26-->src\main\AndroidManifest.xml:15:9-57
26-->src\main\AndroidManifest.xml:15:19-45
27        <activity android:name="com.e.reminder.MainActivity" >
27-->src\main\AndroidManifest.xml:16:9-22:20
27-->src\main\AndroidManifest.xml:16:19-47
28            <intent-filter>
28-->src\main\AndroidManifest.xml:17:13-21:29
29                <action android:name="android.intent.action.MAIN" />
29-->src\main\AndroidManifest.xml:18:17-69
29-->src\main\AndroidManifest.xml:18:25-66
30
31                <category android:name="android.intent.category.LAUNCHER" />
31-->src\main\AndroidManifest.xml:20:17-77
31-->src\main\AndroidManifest.xml:20:27-74
32            </intent-filter>
33        </activity>
34        <activity android:name="com.e.reminder.NotificationActivity" />
34-->src\main\AndroidManifest.xml:23:9-58
34-->src\main\AndroidManifest.xml:23:19-55
35
36        <receiver android:name="com.e.reminder.AlarmReceiver" />
36-->src\main\AndroidManifest.xml:25:9-51
36-->src\main\AndroidManifest.xml:25:19-48
37
38        <activity android:name="com.e.reminder.ListActivity" />
38-->src\main\AndroidManifest.xml:27:9-50
38-->src\main\AndroidManifest.xml:27:19-47
39    </application>
40
41</manifest>